<?xml version="1.0" encoding="UTF-8"?>
<!-- Generated by org.testng.reporters.JUnitXMLReporter -->
<testsuite ignored="0" hostname="DESKTOP-NMJ0JVH" failures="2" tests="8" name="Test" time="0.567" errors="0" timestamp="2022-07-04T10:09:36 IST">
  <testcase classname="LisnerTest.MyTestNg" name="Mymethod1" time="0.024"/>
  <testcase classname="LisnerTest.MyTestNg" name="Mymethod2" time="0.012">
    <failure type="java.lang.AssertionError" message="null">
      <![CDATA[java.lang.AssertionError: null
at LisnerTest.MyTestNg.Mymethod2(MyTestNg.java:15)
at java.base/java.util.ArrayList.forEach(ArrayList.java:1541)
... Removed 29 stack frames]]>
    </failure>
  </testcase> <!-- Mymethod2 -->
  <testcase classname="LisnerTest.MyTestNg" name="Mymethod3" time="0.0">
    <skipped/>
  </testcase> <!-- Mymethod3 -->
  <testcase classname="LisnerTest.MyTestNg2" name="Mymethod1" time="0.012"/>
  <testcase classname="LisnerTest.MyTestNg2" name="Mymethod2" time="0.008">
    <failure type="java.lang.AssertionError" message="null">
      <![CDATA[java.lang.AssertionError: null
at LisnerTest.MyTestNg2.Mymethod2(MyTestNg2.java:15)
at java.base/java.util.ArrayList.forEach(ArrayList.java:1541)
... Removed 29 stack frames]]>
    </failure>
  </testcase> <!-- Mymethod2 -->
  <testcase classname="LisnerTest.MyTestNg2" name="Mymethod4" time="0.013"/>
  <testcase classname="LisnerTest.MyTestNg2" name="Mymethod5" time="0.003"/>
  <testcase classname="LisnerTest.MyTestNg2" name="Mymethod3" time="0.0">
    <skipped/>
  </testcase> <!-- Mymethod3 -->
</testsuite> <!-- Test -->
